Arguments: 
  C:\Program Files\nodejs\node.exe C:\Users\P0191311\AppData\Roaming\npm\node_modules\yarn\bin\yarn.js add @fluentui/react-northstar@0.51.2

PATH: 
  C:\ProgramData\Boxstarter;C:\Program Files (x86)\Business Objects\Common\3.5\bin\NOTES\;C:\Program Files (x86)\Business Objects\Common\3.5\bin\NOTES\DATA\;C:\ProgramData\Oracle\Java\javapath;C:\WINDOWS\system32;C:\WINDOWS;C:\WINDOWS\System32\Wbem;C:\WINDOWS\System32\WindowsPowerShell\v1.0\;C:\Program Files (x86)\HEAT\;c:\program files (x86)\instantclient_11_2;C:\ProgramData\chocolatey\bin;C:\Program Files (x86)\Sennheiser\SoftphoneSDK\;C:\Program Files\Microsoft VS Code\bin;C:\Program Files\dotnet\;C:\Program Files\Microsoft SQL Server\130\Tools\Binn\;C:\Program Files\Microsoft SQL Server\Client SDK\ODBC\170\Tools\Binn\;C:\WINDOWS\system32;C:\WINDOWS;C:\WINDOWS\System32\Wbem;C:\WINDOWS\System32\WindowsPowerShell\v1.0\;C:\WINDOWS\System32\OpenSSH\;C:\Program Files\nodejs\;C:\Users\P0191311\AppData\Local\Microsoft\WindowsApps;C:\ProgramData\P0191311\GitHubDesktop\bin;C:\Users\P0191311\AppData\Local\Microsoft\WindowsApps;C:\Users\P0191311\AppData\Roaming\npm

Yarn version: 
  1.22.10

Node version: 
  10.22.1

Platform: 
  win32 x64

Trace: 
  Error: UNKNOWN: unknown error, lstat 'C:\Users\P0191311\OneDrive - Peel District School Board\SPFx\ReactCrud\node_modules\unset-value'

npm manifest: 
  {
    "name": "react-crud",
    "version": "0.0.1",
    "private": true,
    "main": "lib/index.js",
    "engines": {
      "node": ">=0.10.0"
    },
    "scripts": {
      "build": "gulp bundle",
      "clean": "gulp clean",
      "test": "gulp test"
    },
    "dependencies": {
      "react": "16.8.5",
      "react-dom": "16.8.5",
      "office-ui-fabric-react": "6.214.0",
      "@microsoft/sp-core-library": "1.11.0",
      "@microsoft/sp-property-pane": "1.11.0",
      "@microsoft/sp-webpart-base": "1.11.0",
      "@microsoft/sp-lodash-subset": "1.11.0",
      "@microsoft/sp-office-ui-fabric-core": "1.11.0"
    },
    "devDependencies": {
      "@types/react": "16.8.8",
      "@types/react-dom": "16.8.3",
      "@microsoft/sp-build-web": "1.11.0",
      "@microsoft/sp-tslint-rules": "1.11.0",
      "@microsoft/sp-module-interfaces": "1.11.0",
      "@microsoft/sp-webpart-workbench": "1.11.0",
      "@microsoft/rush-stack-compiler-3.3": "0.3.5",
      "gulp": "~3.9.1",
      "@types/chai": "3.4.34",
      "@types/mocha": "2.2.38",
      "ajv": "~5.2.2",
      "@types/webpack-env": "1.13.1",
      "@types/es6-promise": "0.0.33"
    }
  }

yarn manifest: 
  No manifest

Lockfile: 
  No lockfile
